16:09:54.588[main] INFO  testCases.RB_loadcreationDDT_002 - **** Starting RB_loadcreationDDT_002 ****
16:09:54.597[main] INFO  testCases.RB_loadcreationDDT_002 - Clicked Load button
16:10:02.759[main] INFO  testCases.RB_loadcreationDDT_002 - Clicked Newload button
16:10:03.243[main] INFO  testCases.RB_loadcreationDDT_002 - Providing load details
16:10:48.516[main] INFO  testCases.RB_loadcreationDDT_002 - Clicked Save button
16:10:57.770[main] INFO  testCases.RB_loadcreationDDT_002 - **** Starting RB_loadcreationDDT_002 ****
16:10:57.774[main] INFO  testCases.RB_loadcreationDDT_002 - Clicked Load button
16:10:58.878[main] INFO  testCases.RB_loadcreationDDT_002 - Clicked Newload button
16:10:59.076[main] INFO  testCases.RB_loadcreationDDT_002 - Providing load details
16:11:43.566[main] INFO  testCases.RB_loadcreationDDT_002 - Clicked Save button
16:11:52.125[main] INFO  testCases.RB_loadcreationDDT_002 - **** Finished RB_loadcreationDDT_002 ****
21:32:21.233[main] INFO  testCases.RB_loadcreationDDT_002 - **** Starting RB_loadcreationDDT_002 ****
21:32:21.257[main] INFO  testCases.RB_loadcreationDDT_002 - Clicked Load button
21:32:24.913[main] INFO  testCases.RB_loadcreationDDT_002 - Clicked Newload button
21:32:25.272[main] INFO  testCases.RB_loadcreationDDT_002 - Providing load details
21:33:10.298[main] INFO  testCases.RB_loadcreationDDT_002 - Clicked Save button
21:33:20.310[main] INFO  testCases.RB_loadcreationDDT_002 - **** Starting RB_loadcreationDDT_002 ****
21:33:20.313[main] INFO  testCases.RB_loadcreationDDT_002 - Clicked Load button
21:33:21.441[main] INFO  testCases.RB_loadcreationDDT_002 - Clicked Newload button
21:33:21.636[main] INFO  testCases.RB_loadcreationDDT_002 - Providing load details
21:34:06.052[main] INFO  testCases.RB_loadcreationDDT_002 - Clicked Save button
21:34:14.557[main] INFO  testCases.RB_loadcreationDDT_002 - **** Finished RB_loadcreationDDT_002 ****
